<?xml version="1.0" encoding="UTF-8"?>
<!-- Generated by org.testng.reporters.JUnitReportReporter -->
<testsuite skipped="0" hostname="Reddy" name="testcases.LoginTest" tests="1" failures="0" timestamp="11 Jun 2018 17:01:29 GMT" time="25.965" errors="0">
  <testcase name="doLogin" time="25.965" classname="testcases.LoginTest"/>
</testsuite> <!-- testcases.LoginTest -->
